<?xml version="1.0" encoding="UTF-8"?>
<testsuite name="SOAPClientTest" tests="1" skipped="0" failures="0" errors="0" timestamp="2016-02-01T18:55:27" hostname="TMCVICK-LT" time="0.475">
  <properties/>
  <testcase name="test" classname="SOAPClientTest" time="0.475"/>
  <system-out><![CDATA[45
Recently Played
46
Music
]]></system-out>
  <system-err><![CDATA[Sending request for container ID: 0
]]></system-err>
</testsuite>
